Launching lib/main.dart on V2434 in debug mode...
Running Gradle task 'assembleDebug'...                          

FAILURE: Build failed with an exception.

* What went wrong:
Execution failed for task ':app:compileFlutterBuildDebug'.
> A problem occurred starting process 'command '/opt/homebrew/share/flutter/bin/flutter''

* Try:
> Run with --stacktrace option to get the stack trace.
> Run with --info or --debug option to get more log output.
> Run with --scan to get full insights.
> Get more help at https://help.gradle.org.

BUILD FAILED in 459ms
Running Gradle task 'assembleDebug'...                             563ms
Error: Gradle task assembleDebug failed with exit code 1
